#-----------------------------------------------------------
# Vivado v2017.4 (64-bit)
# SW Build 2086221 on Fri Dec 15 20:55:39 MST 2017
# IP Build 2085800 on Fri Dec 15 22:25:07 MST 2017
# Start of session at: Wed Sep 27 13:39:25 2023
# Process ID: 2808
# Current directory: C:/Users/Frey/Desktop/Lab1
# Command line: vivado.exe -gui_launcher_event rodinguilauncherevent4072 C:\Users\Frey\Desktop\Lab1\Lab1.xpr
# Log file: C:/Users/Frey/Desktop/Lab1/vivado.log
# Journal file: C:/Users/Frey/Desktop/Lab1\vivado.jou
#-----------------------------------------------------------
start_gui
open_project C:/Users/Frey/Desktop/Lab1/Lab1.xpr
Scanning sources...
Finished scanning sources
INFO: [IP_Flow 19-234] Refreshing IP repositories
INFO: [IP_Flow 19-1704] No user IP repositories specified
INFO: [IP_Flow 19-2313] Loaded Vivado IP repository 'C:/Xilinx/Vivado/2017.4/data/ip'.
open_project: Time (s): cpu = 00:00:16 ; elapsed = 00:00:12 . Memory (MB): peak = 780.633 ; gain = 66.441
update_compile_order -fileset sources_1
exit
INFO: [Common 17-206] Exiting Vivado at Wed Sep 27 13:45:21 2023...
