#-----------------------------------------------------------
# Vivado v2017.4 (64-bit)
# SW Build 2086221 on Fri Dec 15 20:55:39 MST 2017
# IP Build 2085800 on Fri Dec 15 22:25:07 MST 2017
# Start of session at: Sat Sep 23 07:54:19 2023
# Process ID: 2340
# Current directory: C:/Users/Frey/Desktop/Lab1
# Command line: vivado.exe -gui_launcher_event rodinguilauncherevent16020 C:\Users\Frey\Desktop\Lab1\Lab1.xpr
# Log file: C:/Users/Frey/Desktop/Lab1/vivado.log
# Journal file: C:/Users/Frey/Desktop/Lab1\vivado.jou
#-----------------------------------------------------------
start_gui
open_project C:/Users/Frey/Desktop/Lab1/Lab1.xpr
Scanning sources...
Finished scanning sources
INFO: [IP_Flow 19-234] Refreshing IP repositories
INFO: [IP_Flow 19-1704] No user IP repositories specified
INFO: [IP_Flow 19-2313] Loaded Vivado IP repository 'D:/Xilinx/Vivado/2017.4/data/ip'.
update_compile_order -fileset sources_1
WARNING: [filemgmt 56-199] Attempt to get parsing info during refresh. "On-the-fly" syntax checking information may be incorrect. [C:/Users/Frey/Desktop/Lab1/auxillary/top.v:]
WARNING: [filemgmt 56-199] Attempt to get parsing info during refresh. "On-the-fly" syntax checking information may be incorrect. [C:/Users/Frey/Desktop/Lab1/auxillary/debug_clk.v:]
WARNING: [filemgmt 56-199] Attempt to get parsing info during refresh. "On-the-fly" syntax checking information may be incorrect. [C:/Users/Frey/Desktop/Lab1/core/CtrlUnit.v:]
WARNING: [filemgmt 56-199] Attempt to get parsing info during refresh. "On-the-fly" syntax checking information may be incorrect. [C:/Users/Frey/Desktop/Lab1/common/MUX4T1_32.v:]
WARNING: [filemgmt 56-199] Attempt to get parsing info during refresh. "On-the-fly" syntax checking information may be incorrect. [C:/Users/Frey/Desktop/Lab1/common/MUX2T1_32.v:]
WARNING: [filemgmt 56-199] Attempt to get parsing info during refresh. "On-the-fly" syntax checking information may be incorrect. [C:/Users/Frey/Desktop/Lab1/core/Regs.v:]
WARNING: [filemgmt 56-199] Attempt to get parsing info during refresh. "On-the-fly" syntax checking information may be incorrect. [C:/Users/Frey/Desktop/Lab1/core/HazardDetectionUnit.v:]
WARNING: [filemgmt 56-199] Attempt to get parsing info during refresh. "On-the-fly" syntax checking information may be incorrect. [C:/Users/Frey/Desktop/Lab1/core/REG_MEM_WB.v:]
WARNING: [filemgmt 56-199] Attempt to get parsing info during refresh. "On-the-fly" syntax checking information may be incorrect. [C:/Users/Frey/Desktop/Lab1/auxillary/CPUTEST.v:]
WARNING: [filemgmt 56-199] Attempt to get parsing info during refresh. "On-the-fly" syntax checking information may be incorrect. [C:/Users/Frey/Desktop/Lab1/common/add_32.v:]
WARNING: [filemgmt 56-199] Attempt to get parsing info during refresh. "On-the-fly" syntax checking information may be incorrect. [C:/Users/Frey/Desktop/Lab1/core/ImmGen.v:]
WARNING: [filemgmt 56-199] Attempt to get parsing info during refresh. "On-the-fly" syntax checking information may be incorrect. [C:/Users/Frey/Desktop/Lab1/auxillary/clk_diff.v:]
WARNING: [filemgmt 56-199] Attempt to get parsing info during refresh. "On-the-fly" syntax checking information may be incorrect. [C:/Users/Frey/Desktop/Lab1/common/REG32.v:]
WARNING: [filemgmt 56-199] Attempt to get parsing info during refresh. "On-the-fly" syntax checking information may be incorrect. [C:/Users/Frey/Desktop/Lab1/core/REG_EX_MEM.v:]
WARNING: [filemgmt 56-199] Attempt to get parsing info during refresh. "On-the-fly" syntax checking information may be incorrect. [C:/Users/Frey/Desktop/Lab1/core/RAM_B.v:]
WARNING: [filemgmt 56-199] Attempt to get parsing info during refresh. "On-the-fly" syntax checking information may be incorrect. [C:/Users/Frey/Desktop/Lab1/common/cmp_32.v:]
WARNING: [filemgmt 56-199] Attempt to get parsing info during refresh. "On-the-fly" syntax checking information may be incorrect. [C:/Users/Frey/Desktop/Lab1/auxillary/my_clk_gen.v:]
WARNING: [filemgmt 56-199] Attempt to get parsing info during refresh. "On-the-fly" syntax checking information may be incorrect. [C:/Users/Frey/Desktop/Lab1/auxillary/btn_scan.v:]
WARNING: [filemgmt 56-199] Attempt to get parsing info during refresh. "On-the-fly" syntax checking information may be incorrect. [C:/Users/Frey/Desktop/Lab1/core/REG_ID_EX.v:]
exit
INFO: [Common 17-206] Exiting Vivado at Sat Sep 23 10:49:20 2023...
