#-----------------------------------------------------------
# Vivado v2017.4 (64-bit)
# SW Build 2086221 on Fri Dec 15 20:55:39 MST 2017
# IP Build 2085800 on Fri Dec 15 22:25:07 MST 2017
# Start of session at: Tue Mar  1 18:36:39 2022
# Process ID: 3620
# Current directory: C:/Users/Frey/Desktop/计组/Lab01 warmup（学生版）/OExp01/OExp01-ALU
# Command line: vivado.exe -gui_launcher_event rodinguilauncherevent23584 C:\Users\Frey\Desktop\计组\Lab01 warmup（学生版）\OExp01\OExp01-ALU\OExp01-ALU.xpr
# Log file: C:/Users/Frey/Desktop/计组/Lab01 warmup（学生版）/OExp01/OExp01-ALU/vivado.log
# Journal file: C:/Users/Frey/Desktop/计组/Lab01 warmup（学生版）/OExp01/OExp01-ALU\vivado.jou
#-----------------------------------------------------------
start_gui
open_project {C:/Users/Frey/Desktop/计组/Lab01 warmup（学生版）/OExp01/OExp01-ALU/OExp01-ALU.xpr}
INFO: [Project 1-313] Project file moved from 'C:/Users/ASUS/Desktop/OExp_RISCV/OExp01/OExp01-ALU' since last save.
CRITICAL WARNING: [Project 1-311] Could not find the file 'C:/Users/Frey/Desktop/计组/Lab01 warmup（学生版）/OExp01/OExp01-ALU/OExp01-ALU.srcs/sources_1/bd/ALU/ALU.bd', nor could it be found using path 'C:/Users/ASUS/Desktop/OExp_RISCV/OExp01/OExp01-ALU/OExp01-ALU.srcs/sources_1/bd/ALU/ALU.bd'.
CRITICAL WARNING: [Project 1-311] Could not find the file 'C:/Users/Frey/Desktop/计组/Lab01 warmup（学生版）/OExp01/OExp01-ALU/OExp01-ALU.srcs/sources_1/bd/ALU/hdl/ALU_wrapper.v', nor could it be found using path 'C:/Users/ASUS/Desktop/OExp_RISCV/OExp01/OExp01-ALU/OExp01-ALU.srcs/sources_1/bd/ALU/hdl/ALU_wrapper.v'.
CRITICAL WARNING: [Project 1-311] Could not find the file 'C:/Users/Frey/Desktop/计组/Lab01 warmup（学生版）/OExp01/OExp01-ALU/OExp01-ALU.srcs/component.xml', nor could it be found using path 'C:/Users/ASUS/Desktop/OExp_RISCV/OExp01/OExp01-ALU/OExp01-ALU.srcs/component.xml'.
Scanning sources...
Finished scanning sources
INFO: [IP_Flow 19-234] Refreshing IP repositories
INFO: [IP_Flow 19-1700] Loaded user IP repository 'c:/Users/Frey/Desktop/计组/Lab01 warmup（学生版）/OExp01/OExp01-ALU/OExp01-ALU.srcs'.
INFO: [IP_Flow 19-1700] Loaded user IP repository 'c:/Users/Frey/Desktop/计组/Lab01 warmup（学生版）/OExp01/OExp01-ALU/IP_Include'.
INFO: [IP_Flow 19-2313] Loaded Vivado IP repository 'C:/Xilinx/Vivado/2017.4/data/ip'.
open_project: Time (s): cpu = 00:00:08 ; elapsed = 00:00:06 . Memory (MB): peak = 809.133 ; gain = 81.203
update_compile_order -fileset sources_1
open_bd_design {C:/Users/Frey/Desktop/计组/Lab01 warmup（学生版）/OExp01/OExp01-ALU/OExp01-ALU.srcs/sources_1/bd/ALU/ALU.bd}
ERROR: [BD 41-1296] Cannot read BD file <C:/Users/Frey/Desktop/计组/Lab01 warmup（学生版）/OExp01/OExp01-ALU/OExp01-ALU.srcs/sources_1/bd/ALU/ALU.bd>, check for the correct location of the file.
ERROR: [Common 17-39] 'open_bd_design' failed due to earlier errors.
open_bd_design {C:/Users/Frey/Desktop/计组/Lab01 warmup（学生版）/OExp01/OExp01-ALU/OExp01-ALU.srcs/sources_1/bd/ALU/ALU.bd}
ERROR: [BD 41-1296] Cannot read BD file <C:/Users/Frey/Desktop/计组/Lab01 warmup（学生版）/OExp01/OExp01-ALU/OExp01-ALU.srcs/sources_1/bd/ALU/ALU.bd>, check for the correct location of the file.
ERROR: [Common 17-39] 'open_bd_design' failed due to earlier errors.
exit
INFO: [Common 17-206] Exiting Vivado at Tue Mar  1 18:37:38 2022...
