Copyright 1986-2017 Xilinx, Inc. All Rights Reserved.
-----------------------------------------------------------------------------------------
| Tool Version      : Vivado v.2017.4 (win64) Build 2086221 Fri Dec 15 20:55:39 MST 2017
| Date              : Mon Sep 23 15:35:01 2024
| Host              : DESKTOP-5BJAETF running 64-bit major release  (build 9200)
| Command           : report_clock_utilization -file top_clock_utilization_routed.rpt
| Design            : top
| Device            : 7k325t-ffg676
| Speed File        : -2L  PRODUCTION 1.12 2017-02-17
| Temperature Grade : E
-----------------------------------------------------------------------------------------

Clock Utilization Report

Table of Contents
-----------------
1. Clock Primitive Utilization
2. Global Clock Resources
3. Global Clock Source Details
4. Clock Regions: Key Resource Utilization
5. Clock Regions : Global Clock Summary
6. Device Cell Placement Summary for Global Clock g0
7. Device Cell Placement Summary for Global Clock g1
8. Device Cell Placement Summary for Global Clock g2
9. Device Cell Placement Summary for Global Clock g3
10. Device Cell Placement Summary for Global Clock g4
11. Device Cell Placement Summary for Global Clock g5
12. Device Cell Placement Summary for Global Clock g6
13. Device Cell Placement Summary for Global Clock g7
14. Device Cell Placement Summary for Global Clock g8
15. Device Cell Placement Summary for Global Clock g9
16. Clock Region Cell Placement per Global Clock: Region X1Y0
17. Clock Region Cell Placement per Global Clock: Region X0Y2
18. Clock Region Cell Placement per Global Clock: Region X1Y2
19. Clock Region Cell Placement per Global Clock: Region X0Y3
20. Clock Region Cell Placement per Global Clock: Region X1Y3
21. Clock Region Cell Placement per Global Clock: Region X0Y4
22. Clock Region Cell Placement per Global Clock: Region X1Y4
23. Clock Region Cell Placement per Global Clock: Region X0Y5
24. Clock Region Cell Placement per Global Clock: Region X1Y5

1. Clock Primitive Utilization
------------------------------

+----------+------+-----------+-----+--------------+--------+
| Type     | Used | Available | LOC | Clock Region | Pblock |
+----------+------+-----------+-----+--------------+--------+
| BUFGCTRL |   10 |        32 |   0 |            0 |      0 |
| BUFH     |    0 |       168 |   0 |            0 |      0 |
| BUFIO    |    0 |        40 |   0 |            0 |      0 |
| BUFMR    |    0 |        20 |   0 |            0 |      0 |
| BUFR     |    0 |        40 |   0 |            0 |      0 |
| MMCM     |    1 |        10 |   0 |            0 |      0 |
| PLL      |    0 |        10 |   0 |            0 |      0 |
+----------+------+-----------+-----+--------------+--------+


2. Global Clock Resources
-------------------------

+-----------+-----------+-----------------+------------+---------------+--------------+-------------------+-------------+-----------------+--------------+----------+------------------------+--------------------------+
| Global Id | Source Id | Driver Type/Pin | Constraint | Site          | Clock Region | Load Clock Region | Clock Loads | Non-Clock Loads | Clock Period | Clock    | Driver Pin             | Net                      |
+-----------+-----------+-----------------+------------+---------------+--------------+-------------------+-------------+-----------------+--------------+----------+------------------------+--------------------------+
| g0        | src0      | BUFG/O          | None       | BUFGCTRL_X0Y0 | n/a          |                 4 |        2557 |               0 |      100.000 | clkout3  | data_reg[127][7]_i_3/O | debug_clk                |
| g1        | src1      | BUFG/O          | None       | BUFGCTRL_X0Y1 | n/a          |                 3 |         257 |               0 |       10.000 | clkout0  | CLK_GEN/clkout1_buf/O  | CLK_GEN/CLK_OUT1         |
| g2        | src1      | BUFG/O          | None       | BUFGCTRL_X0Y2 | n/a          |                 5 |         165 |               0 |       40.000 | clkout2  | CLK_GEN/clkout3_buf/O  | CLK_GEN/CLK_OUT3         |
| g3        | src2      | BUFG/O          | None       | BUFGCTRL_X0Y4 | n/a          |                 1 |         125 |               0 |              |          | inst_reg[150]_i_2__0/O | inst_reg[150]_i_2__0_n_0 |
| g4        | src3      | BUFG/O          | None       | BUFGCTRL_X0Y5 | n/a          |                 2 |         125 |               0 |              |          | inst_reg[150]_i_2__1/O | inst_reg[150]_i_2__1_n_0 |
| g5        | src4      | BUFG/O          | None       | BUFGCTRL_X0Y6 | n/a          |                 4 |         125 |               0 |              |          | inst_reg[150]_i_2__2/O | inst_reg[150]_i_2__2_n_0 |
| g6        | src5      | BUFG/O          | None       | BUFGCTRL_X0Y7 | n/a          |                 1 |         125 |               0 |              |          | inst_reg[150]_i_2__3/O | inst_reg[150]_i_2__3_n_0 |
| g7        | src6      | BUFG/O          | None       | BUFGCTRL_X0Y3 | n/a          |                 1 |         125 |               0 |              |          | inst_reg[150]_i_2/O    | inst_reg[150]_i_2_n_0    |
| g8        | src1      | BUFG/O          | None       | BUFGCTRL_X0Y8 | n/a          |                 1 |          17 |               1 |      100.000 | clkout3  | CLK_GEN/clkout4_buf/O  | CLK_GEN/CLK_OUT4         |
| g9        | src1      | BUFG/O          | None       | BUFGCTRL_X0Y9 | n/a          |                 1 |           1 |               0 |        5.000 | clkfbout | CLK_GEN/clkf_buf/O     | CLK_GEN/clkfbout_buf     |
+-----------+-----------+-----------------+------------+---------------+--------------+-------------------+-------------+-----------------+--------------+----------+------------------------+--------------------------+
* Clock Loads column represents the clock pin loads (pin count)
** Non-Clock Loads column represents the non-clock pin loads (pin count)


3. Global Clock Source Details
------------------------------

+-----------+-----------+---------------------+------------+-----------------+--------------+-------------+-----------------+---------------------+--------------+--------------------------------+----------------------------------+
| Source Id | Global Id | Driver Type/Pin     | Constraint | Site            | Clock Region | Clock Loads | Non-Clock Loads | Source Clock Period | Source Clock | Driver Pin                     | Net                              |
+-----------+-----------+---------------------+------------+-----------------+--------------+-------------+-----------------+---------------------+--------------+--------------------------------+----------------------------------+
| src0      | g0        | LUT3/O              | None       | SLICE_X81Y189   | X1Y3         |           1 |               0 |             100.000 | clkout3      | BTN_SCAN/data[127][7]_i_10/O   | BTN_SCAN/register_reg[31][31]    |
| src1      | g9        | MMCME2_ADV/CLKFBOUT | None       | MMCME2_ADV_X1Y0 | X1Y0         |           1 |               0 |               5.000 | clkfbout     | CLK_GEN/mmcm_adv_inst/CLKFBOUT | CLK_GEN/clkfbout                 |
| src1      | g1        | MMCME2_ADV/CLKOUT0  | None       | MMCME2_ADV_X1Y0 | X1Y0         |           1 |               0 |              10.000 | clkout0      | CLK_GEN/mmcm_adv_inst/CLKOUT0  | CLK_GEN/clkout0                  |
| src1      | g2        | MMCME2_ADV/CLKOUT2  | None       | MMCME2_ADV_X1Y0 | X1Y0         |           1 |               0 |              40.000 | clkout2      | CLK_GEN/mmcm_adv_inst/CLKOUT2  | CLK_GEN/clkout2                  |
| src1      | g8        | MMCME2_ADV/CLKOUT3  | None       | MMCME2_ADV_X1Y0 | X1Y0         |           1 |               0 |             100.000 | clkout3      | CLK_GEN/mmcm_adv_inst/CLKOUT3  | CLK_GEN/clkout3                  |
| src2      | g3        | LUT6/O              | None       | SLICE_X85Y190   | X1Y3         |           1 |               0 |                     |              | vga/c2i2/inst_reg[150]_i_8/O   | vga/c2i2/ascii_code_reg[0]_inv   |
| src3      | g4        | LUT6/O              | None       | SLICE_X80Y189   | X1Y3         |           1 |               0 |                     |              | vga/c2i3/inst_reg[150]_i_8/O   | vga/c2i3/ascii_code_reg[0]_inv_3 |
| src4      | g5        | LUT6/O              | None       | SLICE_X80Y189   | X1Y3         |           1 |               0 |                     |              | vga/c2i4/inst_reg[150]_i_8/O   | vga/c2i4/ascii_code_reg[0]_inv   |
| src5      | g6        | LUT6/O              | None       | SLICE_X81Y191   | X1Y3         |           1 |               0 |                     |              | vga/c2i5/inst_reg[150]_i_8/O   | vga/c2i5/ascii_code_reg[0]_inv   |
| src6      | g7        | LUT6/O              | None       | SLICE_X81Y194   | X1Y3         |           1 |               0 |                     |              | vga/c2i1/inst_reg[150]_i_8/O   | vga/c2i1/ascii_code_reg[6]_4     |
+-----------+-----------+---------------------+------------+-----------------+--------------+-------------+-----------------+---------------------+--------------+--------------------------------+----------------------------------+
* Clock Loads column represents the clock pin loads (pin count)
** Non-Clock Loads column represents the non-clock pin loads (pin count)


4. Clock Regions: Key Resource Utilization
------------------------------------------

+-------------------+--------------+--------------+--------------+--------------+--------------+--------------+--------------+--------------+--------------+--------------+--------------+--------------+--------------+--------------+--------------+
|                   | Global Clock |     BUFRs    |    BUFMRs    |    BUFIOs    |     MMCM     |      PLL     |      GT      |      PCI     |    ILOGIC    |    OLOGIC    |      FF      |     LUTM     |    RAMB18    |    RAMB36    |    DSP48E2   |
+-------------------+------+-------+------+-------+------+-------+------+-------+------+-------+------+-------+------+-------+------+-------+------+-------+------+-------+------+-------+------+-------+------+-------+------+-------+------+-------+
| Clock Region Name | Used | Avail | Used | Avail | Used | Avail | Used | Avail | Used | Avail | Used | Avail | Used | Avail | Used | Avail | Used | Avail | Used | Avail | Used | Avail | Used | Avail | Used | Avail | Used | Avail | Used | Avail |
+-------------------+------+-------+------+-------+------+-------+------+-------+------+-------+------+-------+------+-------+------+-------+------+-------+------+-------+------+-------+------+-------+------+-------+------+-------+------+-------+
| X0Y0              |    0 |    12 |    0 |     4 |    0 |     2 |    0 |     4 |    0 |     1 |    0 |     1 |    0 |     0 |    0 |     0 |    0 |    50 |    0 |    50 |    0 |  4000 |    0 |  1150 |    0 |    60 |    0 |    30 |    0 |    60 |
| X1Y0              |    1 |    12 |    0 |     4 |    0 |     2 |    0 |     4 |    1 |     1 |    0 |     1 |    0 |     0 |    0 |     0 |    0 |    50 |    0 |    50 |    0 |  3700 |    0 |  1200 |    0 |    80 |    0 |    40 |    0 |    60 |
| X0Y1              |    0 |    12 |    0 |     4 |    0 |     2 |    0 |     4 |    0 |     1 |    0 |     1 |    0 |     0 |    0 |     0 |    0 |    50 |    0 |    50 |    0 |  4000 |    0 |  1150 |    0 |    60 |    0 |    30 |    0 |    60 |
| X1Y1              |    0 |    12 |    0 |     4 |    0 |     2 |    0 |     4 |    0 |     1 |    0 |     1 |    0 |     0 |    0 |     0 |    0 |    50 |    0 |    50 |    0 |  3700 |    0 |  1200 |    0 |    80 |    0 |    40 |    0 |    60 |
| X0Y2              |    1 |    12 |    0 |     4 |    0 |     2 |    0 |     4 |    0 |     1 |    0 |     1 |    0 |     0 |    0 |     0 |    0 |    50 |    0 |    50 |   37 |  3400 |   15 |  1150 |    0 |    60 |    0 |    30 |    0 |    60 |
| X1Y2              |    1 |    12 |    0 |     4 |    0 |     2 |    0 |     4 |    0 |     1 |    0 |     1 |    0 |     0 |    0 |     0 |    0 |    50 |    0 |    50 |   80 |  3700 |   17 |  1200 |    0 |    80 |    0 |    40 |    0 |    60 |
| X0Y3              |    3 |    12 |    0 |     4 |    0 |     2 |    0 |     4 |    0 |     1 |    0 |     1 |    0 |     0 |    0 |     0 |    0 |    50 |    0 |    50 |  663 |  3400 |  179 |  1150 |    0 |    60 |    0 |    30 |    0 |    60 |
| X1Y3              |    2 |    12 |    0 |     0 |    0 |     0 |    0 |     0 |    0 |     0 |    0 |     0 |    0 |     4 |    0 |     1 |    0 |     0 |    0 |     0 |  340 |  3150 |   84 |  1050 |    0 |    50 |    0 |    25 |    0 |    60 |
| X0Y4              |    6 |    12 |    0 |     4 |    0 |     2 |    0 |     4 |    0 |     1 |    0 |     1 |    0 |     0 |    0 |     0 |    0 |    50 |    0 |    50 | 1125 |  4000 |  357 |  1150 |    0 |    60 |    0 |    30 |    0 |    60 |
| X1Y4              |    7 |    12 |    0 |     0 |    0 |     0 |    0 |     0 |    0 |     0 |    0 |     0 |    0 |     4 |    0 |     0 |    0 |     0 |    0 |     0 |  732 |  3300 |  301 |  1100 |    0 |    60 |    0 |    30 |    0 |    60 |
| X0Y5              |    1 |    12 |    0 |     4 |    0 |     2 |    0 |     4 |    0 |     1 |    0 |     1 |    0 |     0 |    0 |     0 |    0 |    50 |    0 |    50 |    0 |  4000 |    0 |  1150 |    0 |    60 |    0 |    30 |    0 |    60 |
| X1Y5              |    1 |    12 |    0 |     0 |    0 |     0 |    0 |     0 |    0 |     0 |    0 |     0 |    0 |     4 |    0 |     0 |    0 |     0 |    0 |     0 |    0 |  3300 |   11 |  1100 |    0 |    60 |    0 |    30 |    0 |    60 |
| X0Y6              |    0 |    12 |    0 |     4 |    0 |     2 |    0 |     4 |    0 |     1 |    0 |     1 |    0 |     0 |    0 |     0 |    0 |    50 |    0 |    50 |    0 |  4000 |    0 |  1150 |    0 |    60 |    0 |    30 |    0 |    60 |
| X1Y6              |    0 |    12 |    0 |     0 |    0 |     0 |    0 |     0 |    0 |     0 |    0 |     0 |    0 |     4 |    0 |     0 |    0 |     0 |    0 |     0 |    0 |  3300 |    0 |  1100 |    0 |    60 |    0 |    30 |    0 |    60 |
+-------------------+------+-------+------+-------+------+-------+------+-------+------+-------+------+-------+------+-------+------+-------+------+-------+------+-------+------+-------+------+-------+------+-------+------+-------+------+-------+
* Global Clock column represents track count; while other columns represents cell counts


5. Clock Regions : Global Clock Summary
---------------------------------------

All Modules
+----+----+----+
|    | X0 | X1 |
+----+----+----+
| Y6 |  0 |  0 |
| Y5 |  1 |  1 |
| Y4 |  6 |  7 |
| Y3 |  3 |  2 |
| Y2 |  1 |  1 |
| Y1 |  0 |  0 |
| Y0 |  0 |  1 |
+----+----+----+


6. Device Cell Placement Summary for Global Clock g0
----------------------------------------------------

+-----------+-----------------+-------------------+---------+-------------+----------------+-------------+----------+----------------+----------+-----------+
| Global Id | Driver Type/Pin | Driver Region (D) | Clock   | Period (ns) | Waveform (ns)  | Slice Loads | IO Loads | Clocking Loads | GT Loads | Net       |
+-----------+-----------------+-------------------+---------+-------------+----------------+-------------+----------+----------------+----------+-----------+
| g0        | BUFG/O          | n/a               | clkout3 |     100.000 | {0.000 50.000} |        2557 |        0 |              0 |        0 | debug_clk |
+-----------+-----------------+-------------------+---------+-------------+----------------+-------------+----------+----------------+----------+-----------+
* Logic Loads column represents load cell count of all cell types other than IO, GT and clock resources
** IO Loads column represents load cell count of IO types
*** Clocking Loads column represents load cell count that are clock resources (global clock buffer, MMCM, PLL, etc)
**** GT Loads column represents load cell count of GT types


+----+-------+------+
|    | X0    | X1   |
+----+-------+------+
| Y6 |     0 |    0 |
| Y5 |     0 |    0 |
| Y4 |  1080 |  504 |
| Y3 |   650 |  323 |
| Y2 |     0 |    0 |
| Y1 |     0 |    0 |
| Y0 |     0 |    0 |
+----+-------+------+


7. Device Cell Placement Summary for Global Clock g1
----------------------------------------------------

+-----------+-----------------+-------------------+---------+-------------+---------------+-------------+----------+----------------+----------+------------------+
| Global Id | Driver Type/Pin | Driver Region (D) | Clock   | Period (ns) | Waveform (ns) | Slice Loads | IO Loads | Clocking Loads | GT Loads | Net              |
+-----------+-----------------+-------------------+---------+-------------+---------------+-------------+----------+----------------+----------+------------------+
| g1        | BUFG/O          | n/a               | clkout0 |      10.000 | {0.000 5.000} |         247 |        0 |              0 |        0 | CLK_GEN/CLK_OUT1 |
+-----------+-----------------+-------------------+---------+-------------+---------------+-------------+----------+----------------+----------+------------------+
* Logic Loads column represents load cell count of all cell types other than IO, GT and clock resources
** IO Loads column represents load cell count of IO types
*** Clocking Loads column represents load cell count that are clock resources (global clock buffer, MMCM, PLL, etc)
**** GT Loads column represents load cell count of GT types


+----+-----+------+
|    | X0  | X1   |
+----+-----+------+
| Y6 |   0 |    0 |
| Y5 |   0 |    0 |
| Y4 |  22 |  224 |
| Y3 |   1 |    0 |
| Y2 |   0 |    0 |
| Y1 |   0 |    0 |
| Y0 |   0 |    0 |
+----+-----+------+


8. Device Cell Placement Summary for Global Clock g2
----------------------------------------------------

+-----------+-----------------+-------------------+---------+-------------+----------------+-------------+----------+----------------+----------+------------------+
| Global Id | Driver Type/Pin | Driver Region (D) | Clock   | Period (ns) | Waveform (ns)  | Slice Loads | IO Loads | Clocking Loads | GT Loads | Net              |
+-----------+-----------------+-------------------+---------+-------------+----------------+-------------+----------+----------------+----------+------------------+
| g2        | BUFG/O          | n/a               | clkout2 |      40.000 | {0.000 20.000} |         165 |        0 |              0 |        0 | CLK_GEN/CLK_OUT3 |
+-----------+-----------------+-------------------+---------+-------------+----------------+-------------+----------+----------------+----------+------------------+
* Logic Loads column represents load cell count of all cell types other than IO, GT and clock resources
** IO Loads column represents load cell count of IO types
*** Clocking Loads column represents load cell count that are clock resources (global clock buffer, MMCM, PLL, etc)
**** GT Loads column represents load cell count of GT types


+----+-----+-----+
|    | X0  | X1  |
+----+-----+-----+
| Y6 |   0 |   0 |
| Y5 |   0 |   0 |
| Y4 |  24 |   4 |
| Y3 |  12 |   0 |
| Y2 |  44 |  81 |
| Y1 |   0 |   0 |
| Y0 |   0 |   0 |
+----+-----+-----+


9. Device Cell Placement Summary for Global Clock g3
----------------------------------------------------

+-----------+-----------------+-------------------+-------+-------------+---------------+-------------+----------+----------------+----------+--------------------------+
| Global Id | Driver Type/Pin | Driver Region (D) | Clock | Period (ns) | Waveform (ns) | Slice Loads | IO Loads | Clocking Loads | GT Loads | Net                      |
+-----------+-----------------+-------------------+-------+-------------+---------------+-------------+----------+----------------+----------+--------------------------+
| g3        | BUFG/O          | n/a               |       |             |               |         110 |        0 |              0 |        0 | inst_reg[150]_i_2__0_n_0 |
+-----------+-----------------+-------------------+-------+-------------+---------------+-------------+----------+----------------+----------+--------------------------+
* Logic Loads column represents load cell count of all cell types other than IO, GT and clock resources
** IO Loads column represents load cell count of IO types
*** Clocking Loads column represents load cell count that are clock resources (global clock buffer, MMCM, PLL, etc)
**** GT Loads column represents load cell count of GT types


+----+----+------+
|    | X0 | X1   |
+----+----+------+
| Y6 |  0 |    0 |
| Y5 |  0 |    0 |
| Y4 |  0 |  110 |
| Y3 |  0 |    0 |
| Y2 |  0 |    0 |
| Y1 |  0 |    0 |
| Y0 |  0 |    0 |
+----+----+------+


10. Device Cell Placement Summary for Global Clock g4
-----------------------------------------------------

+-----------+-----------------+-------------------+-------+-------------+---------------+-------------+----------+----------------+----------+--------------------------+
| Global Id | Driver Type/Pin | Driver Region (D) | Clock | Period (ns) | Waveform (ns) | Slice Loads | IO Loads | Clocking Loads | GT Loads | Net                      |
+-----------+-----------------+-------------------+-------+-------------+---------------+-------------+----------+----------------+----------+--------------------------+
| g4        | BUFG/O          | n/a               |       |             |               |         110 |        0 |              0 |        0 | inst_reg[150]_i_2__1_n_0 |
+-----------+-----------------+-------------------+-------+-------------+---------------+-------------+----------+----------------+----------+--------------------------+
* Logic Loads column represents load cell count of all cell types other than IO, GT and clock resources
** IO Loads column represents load cell count of IO types
*** Clocking Loads column represents load cell count that are clock resources (global clock buffer, MMCM, PLL, etc)
**** GT Loads column represents load cell count of GT types


+----+-----+-----+
|    | X0  | X1  |
+----+-----+-----+
| Y6 |   0 |   0 |
| Y5 |   0 |   0 |
| Y4 |  18 |  92 |
| Y3 |   0 |   0 |
| Y2 |   0 |   0 |
| Y1 |   0 |   0 |
| Y0 |   0 |   0 |
+----+-----+-----+


11. Device Cell Placement Summary for Global Clock g5
-----------------------------------------------------

+-----------+-----------------+-------------------+-------+-------------+---------------+-------------+----------+----------------+----------+--------------------------+
| Global Id | Driver Type/Pin | Driver Region (D) | Clock | Period (ns) | Waveform (ns) | Slice Loads | IO Loads | Clocking Loads | GT Loads | Net                      |
+-----------+-----------------+-------------------+-------+-------------+---------------+-------------+----------+----------------+----------+--------------------------+
| g5        | BUFG/O          | n/a               |       |             |               |         110 |        0 |              0 |        0 | inst_reg[150]_i_2__2_n_0 |
+-----------+-----------------+-------------------+-------+-------------+---------------+-------------+----------+----------------+----------+--------------------------+
* Logic Loads column represents load cell count of all cell types other than IO, GT and clock resources
** IO Loads column represents load cell count of IO types
*** Clocking Loads column represents load cell count that are clock resources (global clock buffer, MMCM, PLL, etc)
**** GT Loads column represents load cell count of GT types


+----+----+-----+
|    | X0 | X1  |
+----+----+-----+
| Y6 |  0 |   0 |
| Y5 |  4 |  53 |
| Y4 |  4 |  49 |
| Y3 |  0 |   0 |
| Y2 |  0 |   0 |
| Y1 |  0 |   0 |
| Y0 |  0 |   0 |
+----+----+-----+


12. Device Cell Placement Summary for Global Clock g6
-----------------------------------------------------

+-----------+-----------------+-------------------+-------+-------------+---------------+-------------+----------+----------------+----------+--------------------------+
| Global Id | Driver Type/Pin | Driver Region (D) | Clock | Period (ns) | Waveform (ns) | Slice Loads | IO Loads | Clocking Loads | GT Loads | Net                      |
+-----------+-----------------+-------------------+-------+-------------+---------------+-------------+----------+----------------+----------+--------------------------+
| g6        | BUFG/O          | n/a               |       |             |               |         110 |        0 |              0 |        0 | inst_reg[150]_i_2__3_n_0 |
+-----------+-----------------+-------------------+-------+-------------+---------------+-------------+----------+----------------+----------+--------------------------+
* Logic Loads column represents load cell count of all cell types other than IO, GT and clock resources
** IO Loads column represents load cell count of IO types
*** Clocking Loads column represents load cell count that are clock resources (global clock buffer, MMCM, PLL, etc)
**** GT Loads column represents load cell count of GT types


+----+----+------+
|    | X0 | X1   |
+----+----+------+
| Y6 |  0 |    0 |
| Y5 |  0 |    0 |
| Y4 |  0 |  110 |
| Y3 |  0 |    0 |
| Y2 |  0 |    0 |
| Y1 |  0 |    0 |
| Y0 |  0 |    0 |
+----+----+------+


13. Device Cell Placement Summary for Global Clock g7
-----------------------------------------------------

+-----------+-----------------+-------------------+-------+-------------+---------------+-------------+----------+----------------+----------+-----------------------+
| Global Id | Driver Type/Pin | Driver Region (D) | Clock | Period (ns) | Waveform (ns) | Slice Loads | IO Loads | Clocking Loads | GT Loads | Net                   |
+-----------+-----------------+-------------------+-------+-------------+---------------+-------------+----------+----------------+----------+-----------------------+
| g7        | BUFG/O          | n/a               |       |             |               |         110 |        0 |              0 |        0 | inst_reg[150]_i_2_n_0 |
+-----------+-----------------+-------------------+-------+-------------+---------------+-------------+----------+----------------+----------+-----------------------+
* Logic Loads column represents load cell count of all cell types other than IO, GT and clock resources
** IO Loads column represents load cell count of IO types
*** Clocking Loads column represents load cell count that are clock resources (global clock buffer, MMCM, PLL, etc)
**** GT Loads column represents load cell count of GT types


+----+------+----+
|    | X0   | X1 |
+----+------+----+
| Y6 |    0 |  0 |
| Y5 |    0 |  0 |
| Y4 |  110 |  0 |
| Y3 |    0 |  0 |
| Y2 |    0 |  0 |
| Y1 |    0 |  0 |
| Y0 |    0 |  0 |
+----+------+----+


14. Device Cell Placement Summary for Global Clock g8
-----------------------------------------------------

+-----------+-----------------+-------------------+---------+-------------+----------------+-------------+----------+----------------+----------+------------------+
| Global Id | Driver Type/Pin | Driver Region (D) | Clock   | Period (ns) | Waveform (ns)  | Slice Loads | IO Loads | Clocking Loads | GT Loads | Net              |
+-----------+-----------------+-------------------+---------+-------------+----------------+-------------+----------+----------------+----------+------------------+
| g8        | BUFG/O          | n/a               | clkout3 |     100.000 | {0.000 50.000} |          18 |        0 |              0 |        0 | CLK_GEN/CLK_OUT4 |
+-----------+-----------------+-------------------+---------+-------------+----------------+-------------+----------+----------------+----------+------------------+
* Logic Loads column represents load cell count of all cell types other than IO, GT and clock resources
** IO Loads column represents load cell count of IO types
*** Clocking Loads column represents load cell count that are clock resources (global clock buffer, MMCM, PLL, etc)
**** GT Loads column represents load cell count of GT types


+----+----+-----+
|    | X0 | X1  |
+----+----+-----+
| Y6 |  0 |   0 |
| Y5 |  0 |   0 |
| Y4 |  0 |   0 |
| Y3 |  0 |  18 |
| Y2 |  0 |   0 |
| Y1 |  0 |   0 |
| Y0 |  0 |   0 |
+----+----+-----+


15. Device Cell Placement Summary for Global Clock g9
-----------------------------------------------------

+-----------+-----------------+-------------------+----------+-------------+---------------+-------------+----------+----------------+----------+----------------------+
| Global Id | Driver Type/Pin | Driver Region (D) | Clock    | Period (ns) | Waveform (ns) | Slice Loads | IO Loads | Clocking Loads | GT Loads | Net                  |
+-----------+-----------------+-------------------+----------+-------------+---------------+-------------+----------+----------------+----------+----------------------+
| g9        | BUFG/O          | n/a               | clkfbout |       5.000 | {0.000 2.500} |           0 |        0 |              1 |        0 | CLK_GEN/clkfbout_buf |
+-----------+-----------------+-------------------+----------+-------------+---------------+-------------+----------+----------------+----------+----------------------+
* Logic Loads column represents load cell count of all cell types other than IO, GT and clock resources
** IO Loads column represents load cell count of IO types
*** Clocking Loads column represents load cell count that are clock resources (global clock buffer, MMCM, PLL, etc)
**** GT Loads column represents load cell count of GT types


+----+----+----+
|    | X0 | X1 |
+----+----+----+
| Y6 |  0 |  0 |
| Y5 |  0 |  0 |
| Y4 |  0 |  0 |
| Y3 |  0 |  0 |
| Y2 |  0 |  0 |
| Y1 |  0 |  0 |
| Y0 |  0 |  1 |
+----+----+----+


16. Clock Region Cell Placement per Global Clock: Region X1Y0
-------------------------------------------------------------

+-----------+-------+-----------------+------------+-------------+-----------------+----+--------+------+-----+----+------+-----+---------+----------------------+
| Global Id | Track | Driver Type/Pin | Constraint | Clock Loads | Non-Clock Loads | FF | LUTRAM | RAMB | DSP | GT | MMCM | PLL | Hard IP | Net                  |
+-----------+-------+-----------------+------------+-------------+-----------------+----+--------+------+-----+----+------+-----+---------+----------------------+
| g9        | n/a   | BUFG/O          | None       |           1 |               0 |  0 |      0 |    0 |   0 |  0 |    1 |   0 |       0 | CLK_GEN/clkfbout_buf |
+-----------+-------+-----------------+------------+-------------+-----------------+----+--------+------+-----+----+------+-----+---------+----------------------+
* Clock Loads column represents the clock pin loads (pin count)
** Non-Clock Loads column represents the non-clock pin loads (pin count)
*** Columns FF, LUTRAM, RAMB through 'Hard IP' represents load cell counts


17. Clock Region Cell Placement per Global Clock: Region X0Y2
-------------------------------------------------------------

+-----------+-------+-----------------+------------+-------------+-----------------+----+--------+------+-----+----+------+-----+---------+------------------+
| Global Id | Track | Driver Type/Pin | Constraint | Clock Loads | Non-Clock Loads | FF | LUTRAM | RAMB | DSP | GT | MMCM | PLL | Hard IP | Net              |
+-----------+-------+-----------------+------------+-------------+-----------------+----+--------+------+-----+----+------+-----+---------+------------------+
| g2        | n/a   | BUFG/O          | None       |          44 |               0 | 37 |      7 |    0 |   0 |  0 |    0 |   0 |       0 | CLK_GEN/CLK_OUT3 |
+-----------+-------+-----------------+------------+-------------+-----------------+----+--------+------+-----+----+------+-----+---------+------------------+
* Clock Loads column represents the clock pin loads (pin count)
** Non-Clock Loads column represents the non-clock pin loads (pin count)
*** Columns FF, LUTRAM, RAMB through 'Hard IP' represents load cell counts


18. Clock Region Cell Placement per Global Clock: Region X1Y2
-------------------------------------------------------------

+-----------+-------+-----------------+------------+-------------+-----------------+----+--------+------+-----+----+------+-----+---------+------------------+
| Global Id | Track | Driver Type/Pin | Constraint | Clock Loads | Non-Clock Loads | FF | LUTRAM | RAMB | DSP | GT | MMCM | PLL | Hard IP | Net              |
+-----------+-------+-----------------+------------+-------------+-----------------+----+--------+------+-----+----+------+-----+---------+------------------+
| g2        | n/a   | BUFG/O          | None       |          81 |               0 | 80 |      1 |    0 |   0 |  0 |    0 |   0 |       0 | CLK_GEN/CLK_OUT3 |
+-----------+-------+-----------------+------------+-------------+-----------------+----+--------+------+-----+----+------+-----+---------+------------------+
* Clock Loads column represents the clock pin loads (pin count)
** Non-Clock Loads column represents the non-clock pin loads (pin count)
*** Columns FF, LUTRAM, RAMB through 'Hard IP' represents load cell counts


19. Clock Region Cell Placement per Global Clock: Region X0Y3
-------------------------------------------------------------

+-----------+-------+-----------------+------------+-------------+-----------------+-----+--------+------+-----+----+------+-----+---------+------------------+
| Global Id | Track | Driver Type/Pin | Constraint | Clock Loads | Non-Clock Loads | FF  | LUTRAM | RAMB | DSP | GT | MMCM | PLL | Hard IP | Net              |
+-----------+-------+-----------------+------------+-------------+-----------------+-----+--------+------+-----+----+------+-----+---------+------------------+
| g0        | n/a   | BUFG/O          | None       |         650 |               0 | 650 |      0 |    0 |   0 |  0 |    0 |   0 |       0 | debug_clk        |
| g1        | n/a   | BUFG/O          | None       |           1 |               0 |   1 |      0 |    0 |   0 |  0 |    0 |   0 |       0 | CLK_GEN/CLK_OUT1 |
| g2        | n/a   | BUFG/O          | None       |          12 |               0 |  12 |      0 |    0 |   0 |  0 |    0 |   0 |       0 | CLK_GEN/CLK_OUT3 |
+-----------+-------+-----------------+------------+-------------+-----------------+-----+--------+------+-----+----+------+-----+---------+------------------+
* Clock Loads column represents the clock pin loads (pin count)
** Non-Clock Loads column represents the non-clock pin loads (pin count)
*** Columns FF, LUTRAM, RAMB through 'Hard IP' represents load cell counts


20. Clock Region Cell Placement per Global Clock: Region X1Y3
-------------------------------------------------------------

+-----------+-------+-----------------+------------+-------------+-----------------+-----+--------+------+-----+----+------+-----+---------+------------------+
| Global Id | Track | Driver Type/Pin | Constraint | Clock Loads | Non-Clock Loads | FF  | LUTRAM | RAMB | DSP | GT | MMCM | PLL | Hard IP | Net              |
+-----------+-------+-----------------+------------+-------------+-----------------+-----+--------+------+-----+----+------+-----+---------+------------------+
| g0        | n/a   | BUFG/O          | None       |         323 |               0 | 323 |      0 |    0 |   0 |  0 |    0 |   0 |       0 | debug_clk        |
| g8        | n/a   | BUFG/O          | None       |          17 |               1 |  17 |      0 |    0 |   0 |  0 |    0 |   0 |       0 | CLK_GEN/CLK_OUT4 |
+-----------+-------+-----------------+------------+-------------+-----------------+-----+--------+------+-----+----+------+-----+---------+------------------+
* Clock Loads column represents the clock pin loads (pin count)
** Non-Clock Loads column represents the non-clock pin loads (pin count)
*** Columns FF, LUTRAM, RAMB through 'Hard IP' represents load cell counts


21. Clock Region Cell Placement per Global Clock: Region X0Y4
-------------------------------------------------------------

+-----------+-------+-----------------+------------+-------------+-----------------+------+--------+------+-----+----+------+-----+---------+--------------------------+
| Global Id | Track | Driver Type/Pin | Constraint | Clock Loads | Non-Clock Loads | FF   | LUTRAM | RAMB | DSP | GT | MMCM | PLL | Hard IP | Net                      |
+-----------+-------+-----------------+------------+-------------+-----------------+------+--------+------+-----+----+------+-----+---------+--------------------------+
| g0        | n/a   | BUFG/O          | None       |        1080 |               0 | 1080 |      0 |    0 |   0 |  0 |    0 |   0 |       0 | debug_clk                |
| g1        | n/a   | BUFG/O          | None       |          22 |               0 |   21 |      0 |    0 |   0 |  0 |    0 |   0 |       0 | CLK_GEN/CLK_OUT1         |
| g2        | n/a   | BUFG/O          | None       |          24 |               0 |   24 |      0 |    0 |   0 |  0 |    0 |   0 |       0 | CLK_GEN/CLK_OUT3         |
| g4        | n/a   | BUFG/O          | None       |          18 |               0 |    0 |      0 |    0 |   0 |  0 |    0 |   0 |       0 | inst_reg[150]_i_2__1_n_0 |
| g5        | n/a   | BUFG/O          | None       |           4 |               0 |    0 |      0 |    0 |   0 |  0 |    0 |   0 |       0 | inst_reg[150]_i_2__2_n_0 |
| g7        | n/a   | BUFG/O          | None       |         110 |               0 |    0 |      0 |    0 |   0 |  0 |    0 |   0 |       0 | inst_reg[150]_i_2_n_0    |
+-----------+-------+-----------------+------------+-------------+-----------------+------+--------+------+-----+----+------+-----+---------+--------------------------+
* Clock Loads column represents the clock pin loads (pin count)
** Non-Clock Loads column represents the non-clock pin loads (pin count)
*** Columns FF, LUTRAM, RAMB through 'Hard IP' represents load cell counts


22. Clock Region Cell Placement per Global Clock: Region X1Y4
-------------------------------------------------------------

+-----------+-------+-----------------+------------+-------------+-----------------+-----+--------+------+-----+----+------+-----+---------+--------------------------+
| Global Id | Track | Driver Type/Pin | Constraint | Clock Loads | Non-Clock Loads | FF  | LUTRAM | RAMB | DSP | GT | MMCM | PLL | Hard IP | Net                      |
+-----------+-------+-----------------+------------+-------------+-----------------+-----+--------+------+-----+----+------+-----+---------+--------------------------+
| g0        | n/a   | BUFG/O          | None       |         504 |               0 | 504 |      0 |    0 |   0 |  0 |    0 |   0 |       0 | debug_clk                |
| g1        | n/a   | BUFG/O          | None       |         224 |               0 | 224 |      0 |    0 |   0 |  0 |    0 |   0 |       0 | CLK_GEN/CLK_OUT1         |
| g2        | n/a   | BUFG/O          | None       |           4 |               0 |   4 |      0 |    0 |   0 |  0 |    0 |   0 |       0 | CLK_GEN/CLK_OUT3         |
| g3        | n/a   | BUFG/O          | None       |         110 |               0 |   0 |      0 |    0 |   0 |  0 |    0 |   0 |       0 | inst_reg[150]_i_2__0_n_0 |
| g4        | n/a   | BUFG/O          | None       |          92 |               0 |   0 |      0 |    0 |   0 |  0 |    0 |   0 |       0 | inst_reg[150]_i_2__1_n_0 |
| g5        | n/a   | BUFG/O          | None       |          49 |               0 |   0 |      0 |    0 |   0 |  0 |    0 |   0 |       0 | inst_reg[150]_i_2__2_n_0 |
| g6        | n/a   | BUFG/O          | None       |         110 |               0 |   0 |      0 |    0 |   0 |  0 |    0 |   0 |       0 | inst_reg[150]_i_2__3_n_0 |
+-----------+-------+-----------------+------------+-------------+-----------------+-----+--------+------+-----+----+------+-----+---------+--------------------------+
* Clock Loads column represents the clock pin loads (pin count)
** Non-Clock Loads column represents the non-clock pin loads (pin count)
*** Columns FF, LUTRAM, RAMB through 'Hard IP' represents load cell counts


23. Clock Region Cell Placement per Global Clock: Region X0Y5
-------------------------------------------------------------

+-----------+-------+-----------------+------------+-------------+-----------------+----+--------+------+-----+----+------+-----+---------+--------------------------+
| Global Id | Track | Driver Type/Pin | Constraint | Clock Loads | Non-Clock Loads | FF | LUTRAM | RAMB | DSP | GT | MMCM | PLL | Hard IP | Net                      |
+-----------+-------+-----------------+------------+-------------+-----------------+----+--------+------+-----+----+------+-----+---------+--------------------------+
| g5        | n/a   | BUFG/O          | None       |           4 |               0 |  0 |      0 |    0 |   0 |  0 |    0 |   0 |       0 | inst_reg[150]_i_2__2_n_0 |
+-----------+-------+-----------------+------------+-------------+-----------------+----+--------+------+-----+----+------+-----+---------+--------------------------+
* Clock Loads column represents the clock pin loads (pin count)
** Non-Clock Loads column represents the non-clock pin loads (pin count)
*** Columns FF, LUTRAM, RAMB through 'Hard IP' represents load cell counts


24. Clock Region Cell Placement per Global Clock: Region X1Y5
-------------------------------------------------------------

+-----------+-------+-----------------+------------+-------------+-----------------+----+--------+------+-----+----+------+-----+---------+--------------------------+
| Global Id | Track | Driver Type/Pin | Constraint | Clock Loads | Non-Clock Loads | FF | LUTRAM | RAMB | DSP | GT | MMCM | PLL | Hard IP | Net                      |
+-----------+-------+-----------------+------------+-------------+-----------------+----+--------+------+-----+----+------+-----+---------+--------------------------+
| g5        | n/a   | BUFG/O          | None       |          53 |               0 |  0 |      0 |    0 |   0 |  0 |    0 |   0 |       0 | inst_reg[150]_i_2__2_n_0 |
+-----------+-------+-----------------+------------+-------------+-----------------+----+--------+------+-----+----+------+-----+---------+--------------------------+
* Clock Loads column represents the clock pin loads (pin count)
** Non-Clock Loads column represents the non-clock pin loads (pin count)
*** Columns FF, LUTRAM, RAMB through 'Hard IP' represents load cell counts



# Location of BUFG Primitives 
set_property LOC BUFGCTRL_X0Y3 [get_cells inst_reg[150]_i_2]
set_property LOC BUFGCTRL_X0Y7 [get_cells inst_reg[150]_i_2__3]
set_property LOC BUFGCTRL_X0Y6 [get_cells inst_reg[150]_i_2__2]
set_property LOC BUFGCTRL_X0Y5 [get_cells inst_reg[150]_i_2__1]
set_property LOC BUFGCTRL_X0Y4 [get_cells inst_reg[150]_i_2__0]
set_property LOC BUFGCTRL_X0Y0 [get_cells data_reg[127][7]_i_3]
set_property LOC BUFGCTRL_X0Y9 [get_cells CLK_GEN/clkf_buf]
set_property LOC BUFGCTRL_X0Y8 [get_cells CLK_GEN/clkout4_buf]
set_property LOC BUFGCTRL_X0Y2 [get_cells CLK_GEN/clkout3_buf]
set_property LOC BUFGCTRL_X0Y1 [get_cells CLK_GEN/clkout1_buf]

# Location of IO Primitives which is load of clock spine

# Location of clock ports
set_property LOC IOB_X1Y23 [get_ports CLK_200M_N]
set_property LOC IOB_X1Y24 [get_ports CLK_200M_P]

# Clock net "inst_reg[150]_i_2_n_0" driven by instance "inst_reg[150]_i_2" located at site "BUFGCTRL_X0Y3"
#startgroup
create_pblock {CLKAG_inst_reg[150]_i_2_n_0}
add_cells_to_pblock [get_pblocks  {CLKAG_inst_reg[150]_i_2_n_0}] [get_cells -filter { PRIMITIVE_GROUP != I/O && IS_PRIMITIVE==1 && PRIMITIVE_LEVEL !=INTERNAL } -of_object [get_pins -filter {DIRECTION==IN} -of_objects [get_nets -hierarchical -filter {PARENT=="inst_reg[150]_i_2_n_0"}]]]
resize_pblock [get_pblocks {CLKAG_inst_reg[150]_i_2_n_0}] -add {CLOCKREGION_X0Y4:CLOCKREGION_X0Y4}
#endgroup

# Clock net "inst_reg[150]_i_2__3_n_0" driven by instance "inst_reg[150]_i_2__3" located at site "BUFGCTRL_X0Y7"
#startgroup
create_pblock {CLKAG_inst_reg[150]_i_2__3_n_0}
add_cells_to_pblock [get_pblocks  {CLKAG_inst_reg[150]_i_2__3_n_0}] [get_cells -filter { PRIMITIVE_GROUP != I/O && IS_PRIMITIVE==1 && PRIMITIVE_LEVEL !=INTERNAL } -of_object [get_pins -filter {DIRECTION==IN} -of_objects [get_nets -hierarchical -filter {PARENT=="inst_reg[150]_i_2__3_n_0"}]]]
resize_pblock [get_pblocks {CLKAG_inst_reg[150]_i_2__3_n_0}] -add {CLOCKREGION_X1Y4:CLOCKREGION_X1Y4}
#endgroup

# Clock net "inst_reg[150]_i_2__2_n_0" driven by instance "inst_reg[150]_i_2__2" located at site "BUFGCTRL_X0Y6"
#startgroup
create_pblock {CLKAG_inst_reg[150]_i_2__2_n_0}
add_cells_to_pblock [get_pblocks  {CLKAG_inst_reg[150]_i_2__2_n_0}] [get_cells -filter { PRIMITIVE_GROUP != I/O && IS_PRIMITIVE==1 && PRIMITIVE_LEVEL !=INTERNAL } -of_object [get_pins -filter {DIRECTION==IN} -of_objects [get_nets -hierarchical -filter {PARENT=="inst_reg[150]_i_2__2_n_0"}]]]
resize_pblock [get_pblocks {CLKAG_inst_reg[150]_i_2__2_n_0}] -add {CLOCKREGION_X0Y4:CLOCKREGION_X0Y4 CLOCKREGION_X0Y5:CLOCKREGION_X0Y5 CLOCKREGION_X1Y4:CLOCKREGION_X1Y4 CLOCKREGION_X1Y5:CLOCKREGION_X1Y5}
#endgroup

# Clock net "inst_reg[150]_i_2__1_n_0" driven by instance "inst_reg[150]_i_2__1" located at site "BUFGCTRL_X0Y5"
#startgroup
create_pblock {CLKAG_inst_reg[150]_i_2__1_n_0}
add_cells_to_pblock [get_pblocks  {CLKAG_inst_reg[150]_i_2__1_n_0}] [get_cells -filter { PRIMITIVE_GROUP != I/O && IS_PRIMITIVE==1 && PRIMITIVE_LEVEL !=INTERNAL } -of_object [get_pins -filter {DIRECTION==IN} -of_objects [get_nets -hierarchical -filter {PARENT=="inst_reg[150]_i_2__1_n_0"}]]]
resize_pblock [get_pblocks {CLKAG_inst_reg[150]_i_2__1_n_0}] -add {CLOCKREGION_X0Y4:CLOCKREGION_X0Y4 CLOCKREGION_X1Y4:CLOCKREGION_X1Y4}
#endgroup

# Clock net "inst_reg[150]_i_2__0_n_0" driven by instance "inst_reg[150]_i_2__0" located at site "BUFGCTRL_X0Y4"
#startgroup
create_pblock {CLKAG_inst_reg[150]_i_2__0_n_0}
add_cells_to_pblock [get_pblocks  {CLKAG_inst_reg[150]_i_2__0_n_0}] [get_cells -filter { PRIMITIVE_GROUP != I/O && IS_PRIMITIVE==1 && PRIMITIVE_LEVEL !=INTERNAL } -of_object [get_pins -filter {DIRECTION==IN} -of_objects [get_nets -hierarchical -filter {PARENT=="inst_reg[150]_i_2__0_n_0"}]]]
resize_pblock [get_pblocks {CLKAG_inst_reg[150]_i_2__0_n_0}] -add {CLOCKREGION_X1Y4:CLOCKREGION_X1Y4}
#endgroup

# Clock net "debug_clk" driven by instance "data_reg[127][7]_i_3" located at site "BUFGCTRL_X0Y0"
#startgroup
create_pblock {CLKAG_debug_clk}
add_cells_to_pblock [get_pblocks  {CLKAG_debug_clk}] [get_cells -filter { PRIMITIVE_GROUP != I/O && IS_PRIMITIVE==1 && PRIMITIVE_LEVEL !=INTERNAL } -of_object [get_pins -filter {DIRECTION==IN} -of_objects [get_nets -hierarchical -filter {PARENT=="debug_clk"}]]]
resize_pblock [get_pblocks {CLKAG_debug_clk}] -add {CLOCKREGION_X0Y3:CLOCKREGION_X0Y3 CLOCKREGION_X0Y4:CLOCKREGION_X0Y4 CLOCKREGION_X1Y3:CLOCKREGION_X1Y3 CLOCKREGION_X1Y4:CLOCKREGION_X1Y4}
#endgroup

# Clock net "CLK_GEN/CLK_OUT4" driven by instance "CLK_GEN/clkout4_buf" located at site "BUFGCTRL_X0Y8"
#startgroup
create_pblock {CLKAG_CLK_GEN/CLK_OUT4}
add_cells_to_pblock [get_pblocks  {CLKAG_CLK_GEN/CLK_OUT4}] [get_cells -filter { PRIMITIVE_GROUP != I/O && IS_PRIMITIVE==1 && PRIMITIVE_LEVEL !=INTERNAL } -of_object [get_pins -filter {DIRECTION==IN} -of_objects [get_nets -hierarchical -filter {PARENT=="CLK_GEN/CLK_OUT4"}]]]
resize_pblock [get_pblocks {CLKAG_CLK_GEN/CLK_OUT4}] -add {CLOCKREGION_X1Y3:CLOCKREGION_X1Y3}
#endgroup

# Clock net "CLK_GEN/CLK_OUT3" driven by instance "CLK_GEN/clkout3_buf" located at site "BUFGCTRL_X0Y2"
#startgroup
create_pblock {CLKAG_CLK_GEN/CLK_OUT3}
add_cells_to_pblock [get_pblocks  {CLKAG_CLK_GEN/CLK_OUT3}] [get_cells -filter { PRIMITIVE_GROUP != I/O && IS_PRIMITIVE==1 && PRIMITIVE_LEVEL !=INTERNAL } -of_object [get_pins -filter {DIRECTION==IN} -of_objects [get_nets -hierarchical -filter {PARENT=="CLK_GEN/CLK_OUT3"}]]]
resize_pblock [get_pblocks {CLKAG_CLK_GEN/CLK_OUT3}] -add {CLOCKREGION_X0Y2:CLOCKREGION_X0Y2 CLOCKREGION_X0Y3:CLOCKREGION_X0Y3 CLOCKREGION_X0Y4:CLOCKREGION_X0Y4 CLOCKREGION_X1Y2:CLOCKREGION_X1Y2 CLOCKREGION_X1Y4:CLOCKREGION_X1Y4}
#endgroup

# Clock net "CLK_GEN/CLK_OUT1" driven by instance "CLK_GEN/clkout1_buf" located at site "BUFGCTRL_X0Y1"
#startgroup
create_pblock {CLKAG_CLK_GEN/CLK_OUT1}
add_cells_to_pblock [get_pblocks  {CLKAG_CLK_GEN/CLK_OUT1}] [get_cells -filter { PRIMITIVE_GROUP != I/O && IS_PRIMITIVE==1 && PRIMITIVE_LEVEL !=INTERNAL } -of_object [get_pins -filter {DIRECTION==IN} -of_objects [get_nets -hierarchical -filter {PARENT=="CLK_GEN/CLK_OUT1"}]]]
resize_pblock [get_pblocks {CLKAG_CLK_GEN/CLK_OUT1}] -add {CLOCKREGION_X0Y3:CLOCKREGION_X0Y3 CLOCKREGION_X0Y4:CLOCKREGION_X0Y4 CLOCKREGION_X1Y4:CLOCKREGION_X1Y4}
#endgroup
